# Logfile created on 2020-10-04 08:56:00 +0300 by logger.rb/66358
  INFO ---------------------------------------------------------------------------
  INFO START 2020-10-04 08:56:00 +0300 cap production deploy
  INFO ---------------------------------------------------------------------------
  INFO [95208f3a] Running /usr/bin/env mkdir -p /tmp on krsz.ru
 DEBUG [95208f3a] Command: /usr/bin/env mkdir -p /tmp
  INFO ---------------------------------------------------------------------------
  INFO START 2020-10-04 08:56:37 +0300 cap production deploy
  INFO ---------------------------------------------------------------------------
  INFO [84a4fd75] Running /usr/bin/env mkdir -p /tmp on krsz.ru
 DEBUG [84a4fd75] Command: /usr/bin/env mkdir -p /tmp
  INFO [84a4fd75] Finished in 1.224 seconds with exit status 0 (successful).
 DEBUG Uploading /tmp/git-ssh-telegram_bot-production-dpro.sh 0.0%
  INFO Uploading /tmp/git-ssh-telegram_bot-production-dpro.sh 100.0%
  INFO [62650619] Running /usr/bin/env chmod 700 /tmp/git-ssh-telegram_bot-production-dpro.sh on krsz.ru
 DEBUG [62650619] Command: /usr/bin/env chmod 700 /tmp/git-ssh-telegram_bot-production-dpro.sh
  INFO [62650619] Finished in 0.060 seconds with exit status 0 (successful).
  INFO [fba4ade6] Running /usr/bin/env git ls-remote git@github.com:dpr0/telegram_bot.git HEAD on krsz.ru
 DEBUG [fba4ade6] Command: ( export GIT_ASKPASS="/bin/echo" GIT_SSH="/tmp/git-ssh-telegram_bot-production-dpro.sh" ; /usr/bin/env git ls-remote git@github.com:dpr0/telegram_bot.git HEAD )
 DEBUG [fba4ade6] 	84980da8b17890db4b266b7148deaf677f7efe4b	HEAD
  INFO [fba4ade6] Finished in 1.767 seconds with exit status 0 (successful).
  INFO [5a0c07be] Running /usr/bin/env mkdir -p /home/deploy/telegram_bot/shared /home/deploy/telegram_bot/releases on krsz.ru
 DEBUG [5a0c07be] Command: /usr/bin/env mkdir -p /home/deploy/telegram_bot/shared /home/deploy/telegram_bot/releases
  INFO [5a0c07be] Finished in 0.060 seconds with exit status 0 (successful).
  INFO [7dcc796a] Running /usr/bin/env mkdir -p /home/deploy/telegram_bot/shared on krsz.ru
 DEBUG [7dcc796a] Command: /usr/bin/env mkdir -p /home/deploy/telegram_bot/shared
  INFO [7dcc796a] Finished in 0.068 seconds with exit status 0 (successful).
 DEBUG [8bc81285] Running [ -f /home/deploy/telegram_bot/shared/.env ] on krsz.ru
 DEBUG [8bc81285] Command: [ -f /home/deploy/telegram_bot/shared/.env ]
 DEBUG [8bc81285] Finished in 0.075 seconds with exit status 1 (failed).
 ERROR linked file /home/deploy/telegram_bot/shared/.env does not exist on krsz.ru
  INFO ---------------------------------------------------------------------------
  INFO START 2020-10-04 08:59:15 +0300 cap production deploy
  INFO ---------------------------------------------------------------------------
  INFO [d48cca34] Running /usr/bin/env mkdir -p /tmp on krsz.ru
 DEBUG [d48cca34] Command: /usr/bin/env mkdir -p /tmp
  INFO [d48cca34] Finished in 1.125 seconds with exit status 0 (successful).
 DEBUG Uploading /tmp/git-ssh-telegram_bot-production-dpro.sh 0.0%
  INFO Uploading /tmp/git-ssh-telegram_bot-production-dpro.sh 100.0%
  INFO [54b11655] Running /usr/bin/env chmod 700 /tmp/git-ssh-telegram_bot-production-dpro.sh on krsz.ru
 DEBUG [54b11655] Command: /usr/bin/env chmod 700 /tmp/git-ssh-telegram_bot-production-dpro.sh
  INFO [54b11655] Finished in 0.061 seconds with exit status 0 (successful).
  INFO [4e8f8c91] Running /usr/bin/env git ls-remote git@github.com:dpr0/telegram_bot.git HEAD on krsz.ru
 DEBUG [4e8f8c91] Command: ( export GIT_ASKPASS="/bin/echo" GIT_SSH="/tmp/git-ssh-telegram_bot-production-dpro.sh" ; /usr/bin/env git ls-remote git@github.com:dpr0/telegram_bot.git HEAD )
 DEBUG [4e8f8c91] 	84980da8b17890db4b266b7148deaf677f7efe4b	HEAD
  INFO [4e8f8c91] Finished in 1.771 seconds with exit status 0 (successful).
  INFO [8c129b41] Running /usr/bin/env mkdir -p /home/deploy/telegram_bot/shared /home/deploy/telegram_bot/releases on krsz.ru
 DEBUG [8c129b41] Command: /usr/bin/env mkdir -p /home/deploy/telegram_bot/shared /home/deploy/telegram_bot/releases
  INFO [8c129b41] Finished in 0.072 seconds with exit status 0 (successful).
  INFO [0f0629d3] Running /usr/bin/env mkdir -p /home/deploy/telegram_bot/shared on krsz.ru
 DEBUG [0f0629d3] Command: /usr/bin/env mkdir -p /home/deploy/telegram_bot/shared
  INFO [0f0629d3] Finished in 0.068 seconds with exit status 0 (successful).
 DEBUG [db9e59a1] Running [ -f /home/deploy/telegram_bot/shared/.env ] on krsz.ru
 DEBUG [db9e59a1] Command: [ -f /home/deploy/telegram_bot/shared/.env ]
 DEBUG [db9e59a1] Finished in 0.057 seconds with exit status 0 (successful).
 DEBUG [845b8930] Running [ -f /home/deploy/telegram_bot/current/REVISION ] on krsz.ru
 DEBUG [845b8930] Command: [ -f /home/deploy/telegram_bot/current/REVISION ]
 DEBUG [845b8930] Finished in 0.057 seconds with exit status 1 (failed).
 DEBUG [638cb433] Running [ -f /home/deploy/telegram_bot/repo/HEAD ] on krsz.ru
 DEBUG [638cb433] Command: [ -f /home/deploy/telegram_bot/repo/HEAD ]
 DEBUG [638cb433] Finished in 0.061 seconds with exit status 1 (failed).
 DEBUG [2d4c7642] Running if test ! -d /home/deploy/telegram_bot; then echo "Directory does not exist '/home/deploy/telegram_bot'" 1>&2; false; fi on krsz.ru
 DEBUG [2d4c7642] Command: if test ! -d /home/deploy/telegram_bot; then echo "Directory does not exist '/home/deploy/telegram_bot'" 1>&2; false; fi
 DEBUG [2d4c7642] Finished in 0.076 seconds with exit status 0 (successful).
  INFO [90ff9d3b] Running /usr/bin/env git clone --mirror git@github.com:dpr0/telegram_bot.git /home/deploy/telegram_bot/repo on krsz.ru
 DEBUG [90ff9d3b] Command: cd /home/deploy/telegram_bot && ( export GIT_ASKPASS="/bin/echo" GIT_SSH="/tmp/git-ssh-telegram_bot-production-dpro.sh" ; /usr/bin/env git clone --mirror git@github.com:dpr0/telegram_bot.git /home/deploy/telegram_bot/repo )
 DEBUG [90ff9d3b] 	Cloning into bare repository '/home/deploy/telegram_bot/repo'...
  INFO [90ff9d3b] Finished in 1.752 seconds with exit status 0 (successful).
 DEBUG [ef273e00] Running if test ! -d /home/deploy/telegram_bot/repo; then echo "Directory does not exist '/home/deploy/telegram_bot/repo'" 1>&2; false; fi on krsz.ru
 DEBUG [ef273e00] Command: if test ! -d /home/deploy/telegram_bot/repo; then echo "Directory does not exist '/home/deploy/telegram_bot/repo'" 1>&2; false; fi
 DEBUG [ef273e00] Finished in 0.086 seconds with exit status 0 (successful).
  INFO [fc0ab290] Running /usr/bin/env git remote set-url origin git@github.com:dpr0/telegram_bot.git on krsz.ru
 DEBUG [fc0ab290] Command: cd /home/deploy/telegram_bot/repo && ( export GIT_ASKPASS="/bin/echo" GIT_SSH="/tmp/git-ssh-telegram_bot-production-dpro.sh" ; /usr/bin/env git remote set-url origin git@github.com:dpr0/telegram_bot.git )
  INFO [fc0ab290] Finished in 0.121 seconds with exit status 0 (successful).
  INFO [48be667b] Running /usr/bin/env git remote update --prune on krsz.ru
 DEBUG [48be667b] Command: cd /home/deploy/telegram_bot/repo && ( export GIT_ASKPASS="/bin/echo" GIT_SSH="/tmp/git-ssh-telegram_bot-production-dpro.sh" ; /usr/bin/env git remote update --prune )
 DEBUG [48be667b] 	Fetching origin
  INFO [48be667b] Finished in 1.647 seconds with exit status 0 (successful).
 DEBUG [7e4c3f7e] Running if test ! -d /home/deploy/telegram_bot/repo; then echo "Directory does not exist '/home/deploy/telegram_bot/repo'" 1>&2; false; fi on krsz.ru
 DEBUG [7e4c3f7e] Command: if test ! -d /home/deploy/telegram_bot/repo; then echo "Directory does not exist '/home/deploy/telegram_bot/repo'" 1>&2; false; fi
 DEBUG [7e4c3f7e] Finished in 0.072 seconds with exit status 0 (successful).
  INFO [0d243e7f] Running /usr/bin/env mkdir -p /home/deploy/telegram_bot/releases/20201004055918 on krsz.ru
 DEBUG [0d243e7f] Command: cd /home/deploy/telegram_bot/repo && ( export GIT_ASKPASS="/bin/echo" GIT_SSH="/tmp/git-ssh-telegram_bot-production-dpro.sh" ; /usr/bin/env mkdir -p /home/deploy/telegram_bot/releases/20201004055918 )
  INFO [0d243e7f] Finished in 0.062 seconds with exit status 0 (successful).
  INFO [40ed3bd7] Running /usr/bin/env git archive master | /usr/bin/env tar -x -f - -C /home/deploy/telegram_bot/releases/20201004055918 on krsz.ru
 DEBUG [40ed3bd7] Command: cd /home/deploy/telegram_bot/repo && ( export GIT_ASKPASS="/bin/echo" GIT_SSH="/tmp/git-ssh-telegram_bot-production-dpro.sh" ; /usr/bin/env git archive master | /usr/bin/env tar -x -f - -C /home/deploy/telegram_bot/releases/20201004055918 )
  INFO [40ed3bd7] Finished in 0.078 seconds with exit status 0 (successful).
 DEBUG [c8641299] Running if test ! -d /home/deploy/telegram_bot/repo; then echo "Directory does not exist '/home/deploy/telegram_bot/repo'" 1>&2; false; fi on krsz.ru
 DEBUG [c8641299] Command: if test ! -d /home/deploy/telegram_bot/repo; then echo "Directory does not exist '/home/deploy/telegram_bot/repo'" 1>&2; false; fi
 DEBUG [c8641299] Finished in 0.065 seconds with exit status 0 (successful).
 DEBUG [e8d58896] Running /usr/bin/env git rev-list --max-count=1 master on krsz.ru
 DEBUG [e8d58896] Command: cd /home/deploy/telegram_bot/repo && ( export GIT_ASKPASS="/bin/echo" GIT_SSH="/tmp/git-ssh-telegram_bot-production-dpro.sh" ; /usr/bin/env git rev-list --max-count=1 master )
 DEBUG [e8d58896] 	84980da8b17890db4b266b7148deaf677f7efe4b
 DEBUG [e8d58896] Finished in 0.066 seconds with exit status 0 (successful).
 DEBUG [f98d2107] Running if test ! -d /home/deploy/telegram_bot/releases/20201004055918; then echo "Directory does not exist '/home/deploy/telegram_bot/releases/20201004055918'" 1>&2; false; fi on krsz.ru
 DEBUG [f98d2107] Command: if test ! -d /home/deploy/telegram_bot/releases/20201004055918; then echo "Directory does not exist '/home/deploy/telegram_bot/releases/20201004055918'" 1>&2; false; fi
 DEBUG [f98d2107] Finished in 0.070 seconds with exit status 0 (successful).
  INFO [9eb227cd] Running /usr/bin/env echo "84980da8b17890db4b266b7148deaf677f7efe4b" > REVISION on krsz.ru
 DEBUG [9eb227cd] Command: cd /home/deploy/telegram_bot/releases/20201004055918 && /usr/bin/env echo "84980da8b17890db4b266b7148deaf677f7efe4b" > REVISION
  INFO [9eb227cd] Finished in 0.061 seconds with exit status 0 (successful).
  INFO [2d982f38] Running /usr/bin/env mkdir -p /home/deploy/telegram_bot/releases/20201004055918 on krsz.ru
 DEBUG [2d982f38] Command: /usr/bin/env mkdir -p /home/deploy/telegram_bot/releases/20201004055918
  INFO [2d982f38] Finished in 0.060 seconds with exit status 0 (successful).
 DEBUG [b6dec2fa] Running [ -L /home/deploy/telegram_bot/releases/20201004055918/.env ] on krsz.ru
 DEBUG [b6dec2fa] Command: [ -L /home/deploy/telegram_bot/releases/20201004055918/.env ]
 DEBUG [b6dec2fa] Finished in 0.061 seconds with exit status 1 (failed).
 DEBUG [b56f6858] Running [ -f /home/deploy/telegram_bot/releases/20201004055918/.env ] on krsz.ru
 DEBUG [b56f6858] Command: [ -f /home/deploy/telegram_bot/releases/20201004055918/.env ]
 DEBUG [b56f6858] Finished in 0.074 seconds with exit status 1 (failed).
  INFO [ddab9376] Running /usr/bin/env ln -s /home/deploy/telegram_bot/shared/.env /home/deploy/telegram_bot/releases/20201004055918/.env on krsz.ru
 DEBUG [ddab9376] Command: /usr/bin/env ln -s /home/deploy/telegram_bot/shared/.env /home/deploy/telegram_bot/releases/20201004055918/.env
  INFO [ddab9376] Finished in 0.063 seconds with exit status 0 (successful).
  INFO [5ba0c012] Running /usr/bin/env ln -s /home/deploy/telegram_bot/releases/20201004055918 /home/deploy/telegram_bot/releases/current on krsz.ru
 DEBUG [5ba0c012] Command: /usr/bin/env ln -s /home/deploy/telegram_bot/releases/20201004055918 /home/deploy/telegram_bot/releases/current
  INFO [5ba0c012] Finished in 0.056 seconds with exit status 0 (successful).
  INFO [fcce041d] Running /usr/bin/env mv /home/deploy/telegram_bot/releases/current /home/deploy/telegram_bot on krsz.ru
 DEBUG [fcce041d] Command: /usr/bin/env mv /home/deploy/telegram_bot/releases/current /home/deploy/telegram_bot
  INFO [fcce041d] Finished in 0.065 seconds with exit status 0 (successful).
 DEBUG [53c05735] Running /usr/bin/env ls -x /home/deploy/telegram_bot/releases on krsz.ru
 DEBUG [53c05735] Command: /usr/bin/env ls -x /home/deploy/telegram_bot/releases
 DEBUG [53c05735] 	20201004055918
 DEBUG [53c05735] Finished in 0.062 seconds with exit status 0 (successful).
 DEBUG [a47e8bfa] Running if test ! -d /home/deploy/telegram_bot/releases; then echo "Directory does not exist '/home/deploy/telegram_bot/releases'" 1>&2; false; fi on krsz.ru
 DEBUG [a47e8bfa] Command: if test ! -d /home/deploy/telegram_bot/releases; then echo "Directory does not exist '/home/deploy/telegram_bot/releases'" 1>&2; false; fi
 DEBUG [a47e8bfa] Finished in 0.064 seconds with exit status 0 (successful).
  INFO [fffc4dbe] Running /usr/bin/env echo "Branch master (at 84980da8b17890db4b266b7148deaf677f7efe4b) deployed as release 20201004055918 by dpro" >> /home/deploy/telegram_bot/revisions.log on krsz.ru
 DEBUG [fffc4dbe] Command: cd /home/deploy/telegram_bot/releases && /usr/bin/env echo "Branch master (at 84980da8b17890db4b266b7148deaf677f7efe4b) deployed as release 20201004055918 by dpro" >> /home/deploy/telegram_bot/revisions.log
  INFO [fffc4dbe] Finished in 0.119 seconds with exit status 0 (successful).
  INFO ---------------------------------------------------------------------------
  INFO START 2020-10-04 08:59:44 +0300 cap production deploy:bot
  INFO ---------------------------------------------------------------------------
 DEBUG [e6b9ff17] Running if test ! -d /home/deploy/telegram_bot/current; then echo "Directory does not exist '/home/deploy/telegram_bot/current'" 1>&2; false; fi on krsz.ru
 DEBUG [e6b9ff17] Command: if test ! -d /home/deploy/telegram_bot/current; then echo "Directory does not exist '/home/deploy/telegram_bot/current'" 1>&2; false; fi
 DEBUG [e6b9ff17] Finished in 1.134 seconds with exit status 0 (successful).
  INFO [61fcd97d] Running /usr/bin/env bundle exec ruby bot.rb on krsz.ru
 DEBUG [61fcd97d] Command: cd /home/deploy/telegram_bot/current && ( export RAILS_ENV="production" ; /usr/bin/env bundle exec ruby bot.rb )
 DEBUG [61fcd97d] 	/usr/bin/env: 'bundle': No such file or directory
  INFO ---------------------------------------------------------------------------
  INFO START 2020-10-04 09:19:15 +0300 cap production deploy
  INFO ---------------------------------------------------------------------------
  INFO [15472e64] Running /usr/bin/env mkdir -p /tmp on krsz.ru
 DEBUG [15472e64] Command: /usr/bin/env mkdir -p /tmp
  INFO [15472e64] Finished in 1.300 seconds with exit status 0 (successful).
 DEBUG Uploading /tmp/git-ssh-telegram_bot-production-dpro.sh 0.0%
  INFO Uploading /tmp/git-ssh-telegram_bot-production-dpro.sh 100.0%
  INFO [22eb7bd6] Running /usr/bin/env chmod 700 /tmp/git-ssh-telegram_bot-production-dpro.sh on krsz.ru
 DEBUG [22eb7bd6] Command: /usr/bin/env chmod 700 /tmp/git-ssh-telegram_bot-production-dpro.sh
  INFO [22eb7bd6] Finished in 0.067 seconds with exit status 0 (successful).
  INFO [e293b756] Running /usr/bin/env git ls-remote git@github.com:dpr0/telegram_bot.git HEAD on krsz.ru
 DEBUG [e293b756] Command: ( export GIT_ASKPASS="/bin/echo" GIT_SSH="/tmp/git-ssh-telegram_bot-production-dpro.sh" ; /usr/bin/env git ls-remote git@github.com:dpr0/telegram_bot.git HEAD )
 DEBUG [e293b756] 	81aa032bdf54659972eef5648bc3c867b4b0262a	HEAD
  INFO [e293b756] Finished in 1.750 seconds with exit status 0 (successful).
  INFO [f6de2467] Running /usr/bin/env mkdir -p /home/deploy/telegram_bot/shared /home/deploy/telegram_bot/releases on krsz.ru
 DEBUG [f6de2467] Command: /usr/bin/env mkdir -p /home/deploy/telegram_bot/shared /home/deploy/telegram_bot/releases
  INFO [f6de2467] Finished in 0.059 seconds with exit status 0 (successful).
  INFO [d0f031df] Running /usr/bin/env mkdir -p /home/deploy/telegram_bot/shared on krsz.ru
 DEBUG [d0f031df] Command: /usr/bin/env mkdir -p /home/deploy/telegram_bot/shared
  INFO [d0f031df] Finished in 0.067 seconds with exit status 0 (successful).
 DEBUG [42864a87] Running [ -f /home/deploy/telegram_bot/shared/.env ] on krsz.ru
 DEBUG [42864a87] Command: [ -f /home/deploy/telegram_bot/shared/.env ]
 DEBUG [42864a87] Finished in 0.059 seconds with exit status 1 (failed).
 ERROR linked file /home/deploy/telegram_bot/shared/.env does not exist on krsz.ru
  INFO ---------------------------------------------------------------------------
  INFO START 2020-10-04 09:19:52 +0300 cap production deploy
  INFO ---------------------------------------------------------------------------
  INFO [62409afc] Running /usr/bin/env mkdir -p /tmp on krsz.ru
 DEBUG [62409afc] Command: /usr/bin/env mkdir -p /tmp
  INFO [62409afc] Finished in 1.097 seconds with exit status 0 (successful).
 DEBUG Uploading /tmp/git-ssh-telegram_bot-production-dpro.sh 0.0%
  INFO Uploading /tmp/git-ssh-telegram_bot-production-dpro.sh 100.0%
  INFO [da989c5f] Running /usr/bin/env chmod 700 /tmp/git-ssh-telegram_bot-production-dpro.sh on krsz.ru
 DEBUG [da989c5f] Command: /usr/bin/env chmod 700 /tmp/git-ssh-telegram_bot-production-dpro.sh
  INFO [da989c5f] Finished in 0.057 seconds with exit status 0 (successful).
  INFO [5934686f] Running /usr/bin/env git ls-remote git@github.com:dpr0/telegram_bot.git HEAD on krsz.ru
 DEBUG [5934686f] Command: ( export GIT_ASKPASS="/bin/echo" GIT_SSH="/tmp/git-ssh-telegram_bot-production-dpro.sh" ; /usr/bin/env git ls-remote git@github.com:dpr0/telegram_bot.git HEAD )
 DEBUG [5934686f] 	81aa032bdf54659972eef5648bc3c867b4b0262a	HEAD
  INFO [5934686f] Finished in 1.638 seconds with exit status 0 (successful).
  INFO [93119380] Running /usr/bin/env mkdir -p /home/deploy/telegram_bot/shared /home/deploy/telegram_bot/releases on krsz.ru
 DEBUG [93119380] Command: /usr/bin/env mkdir -p /home/deploy/telegram_bot/shared /home/deploy/telegram_bot/releases
  INFO [93119380] Finished in 0.062 seconds with exit status 0 (successful).
  INFO [3831470c] Running /usr/bin/env mkdir -p /home/deploy/telegram_bot/shared on krsz.ru
 DEBUG [3831470c] Command: /usr/bin/env mkdir -p /home/deploy/telegram_bot/shared
  INFO [3831470c] Finished in 0.054 seconds with exit status 0 (successful).
 DEBUG [52fed1d3] Running [ -f /home/deploy/telegram_bot/shared/.env ] on krsz.ru
 DEBUG [52fed1d3] Command: [ -f /home/deploy/telegram_bot/shared/.env ]
 DEBUG [52fed1d3] Finished in 0.054 seconds with exit status 0 (successful).
 DEBUG [86de0513] Running [ -f /home/deploy/telegram_bot/current/REVISION ] on krsz.ru
 DEBUG [86de0513] Command: [ -f /home/deploy/telegram_bot/current/REVISION ]
 DEBUG [86de0513] Finished in 0.061 seconds with exit status 1 (failed).
 DEBUG [82f7f453] Running [ -f /home/deploy/telegram_bot/repo/HEAD ] on krsz.ru
 DEBUG [82f7f453] Command: [ -f /home/deploy/telegram_bot/repo/HEAD ]
 DEBUG [82f7f453] Finished in 0.053 seconds with exit status 1 (failed).
 DEBUG [0bc68c45] Running if test ! -d /home/deploy/telegram_bot; then echo "Directory does not exist '/home/deploy/telegram_bot'" 1>&2; false; fi on krsz.ru
 DEBUG [0bc68c45] Command: if test ! -d /home/deploy/telegram_bot; then echo "Directory does not exist '/home/deploy/telegram_bot'" 1>&2; false; fi
 DEBUG [0bc68c45] Finished in 0.062 seconds with exit status 0 (successful).
  INFO [19f31cca] Running /usr/bin/env git clone --mirror git@github.com:dpr0/telegram_bot.git /home/deploy/telegram_bot/repo on krsz.ru
 DEBUG [19f31cca] Command: cd /home/deploy/telegram_bot && ( export GIT_ASKPASS="/bin/echo" GIT_SSH="/tmp/git-ssh-telegram_bot-production-dpro.sh" ; /usr/bin/env git clone --mirror git@github.com:dpr0/telegram_bot.git /home/deploy/telegram_bot/repo )
 DEBUG [19f31cca] 	Cloning into bare repository '/home/deploy/telegram_bot/repo'...
  INFO [19f31cca] Finished in 1.799 seconds with exit status 0 (successful).
 DEBUG [849c75a5] Running if test ! -d /home/deploy/telegram_bot/repo; then echo "Directory does not exist '/home/deploy/telegram_bot/repo'" 1>&2; false; fi on krsz.ru
 DEBUG [849c75a5] Command: if test ! -d /home/deploy/telegram_bot/repo; then echo "Directory does not exist '/home/deploy/telegram_bot/repo'" 1>&2; false; fi
 DEBUG [849c75a5] Finished in 0.078 seconds with exit status 0 (successful).
  INFO [1a00b9ae] Running /usr/bin/env git remote set-url origin git@github.com:dpr0/telegram_bot.git on krsz.ru
 DEBUG [1a00b9ae] Command: cd /home/deploy/telegram_bot/repo && ( export GIT_ASKPASS="/bin/echo" GIT_SSH="/tmp/git-ssh-telegram_bot-production-dpro.sh" ; /usr/bin/env git remote set-url origin git@github.com:dpr0/telegram_bot.git )
  INFO [1a00b9ae] Finished in 0.066 seconds with exit status 0 (successful).
  INFO [f4e0e91b] Running /usr/bin/env git remote update --prune on krsz.ru
 DEBUG [f4e0e91b] Command: cd /home/deploy/telegram_bot/repo && ( export GIT_ASKPASS="/bin/echo" GIT_SSH="/tmp/git-ssh-telegram_bot-production-dpro.sh" ; /usr/bin/env git remote update --prune )
 DEBUG [f4e0e91b] 	Fetching origin
  INFO [f4e0e91b] Finished in 1.696 seconds with exit status 0 (successful).
 DEBUG [afdee717] Running if test ! -d /home/deploy/telegram_bot/repo; then echo "Directory does not exist '/home/deploy/telegram_bot/repo'" 1>&2; false; fi on krsz.ru
 DEBUG [afdee717] Command: if test ! -d /home/deploy/telegram_bot/repo; then echo "Directory does not exist '/home/deploy/telegram_bot/repo'" 1>&2; false; fi
 DEBUG [afdee717] Finished in 0.064 seconds with exit status 0 (successful).
  INFO [d95438c5] Running /usr/bin/env mkdir -p /home/deploy/telegram_bot/releases/20201004061955 on krsz.ru
 DEBUG [d95438c5] Command: cd /home/deploy/telegram_bot/repo && ( export GIT_ASKPASS="/bin/echo" GIT_SSH="/tmp/git-ssh-telegram_bot-production-dpro.sh" ; /usr/bin/env mkdir -p /home/deploy/telegram_bot/releases/20201004061955 )
  INFO [d95438c5] Finished in 0.066 seconds with exit status 0 (successful).
  INFO [69e0bb6f] Running /usr/bin/env git archive master | /usr/bin/env tar -x -f - -C /home/deploy/telegram_bot/releases/20201004061955 on krsz.ru
 DEBUG [69e0bb6f] Command: cd /home/deploy/telegram_bot/repo && ( export GIT_ASKPASS="/bin/echo" GIT_SSH="/tmp/git-ssh-telegram_bot-production-dpro.sh" ; /usr/bin/env git archive master | /usr/bin/env tar -x -f - -C /home/deploy/telegram_bot/releases/20201004061955 )
  INFO [69e0bb6f] Finished in 0.067 seconds with exit status 0 (successful).
 DEBUG [4a61454d] Running if test ! -d /home/deploy/telegram_bot/repo; then echo "Directory does not exist '/home/deploy/telegram_bot/repo'" 1>&2; false; fi on krsz.ru
 DEBUG [4a61454d] Command: if test ! -d /home/deploy/telegram_bot/repo; then echo "Directory does not exist '/home/deploy/telegram_bot/repo'" 1>&2; false; fi
 DEBUG [4a61454d] Finished in 0.064 seconds with exit status 0 (successful).
 DEBUG [7a0d1ae6] Running /usr/bin/env git rev-list --max-count=1 master on krsz.ru
 DEBUG [7a0d1ae6] Command: cd /home/deploy/telegram_bot/repo && ( export GIT_ASKPASS="/bin/echo" GIT_SSH="/tmp/git-ssh-telegram_bot-production-dpro.sh" ; /usr/bin/env git rev-list --max-count=1 master )
 DEBUG [7a0d1ae6] 	81aa032bdf54659972eef5648bc3c867b4b0262a
 DEBUG [7a0d1ae6] Finished in 0.065 seconds with exit status 0 (successful).
 DEBUG [2db055cf] Running if test ! -d /home/deploy/telegram_bot/releases/20201004061955; then echo "Directory does not exist '/home/deploy/telegram_bot/releases/20201004061955'" 1>&2; false; fi on krsz.ru
 DEBUG [2db055cf] Command: if test ! -d /home/deploy/telegram_bot/releases/20201004061955; then echo "Directory does not exist '/home/deploy/telegram_bot/releases/20201004061955'" 1>&2; false; fi
 DEBUG [2db055cf] Finished in 0.060 seconds with exit status 0 (successful).
  INFO [63037558] Running /usr/bin/env echo "81aa032bdf54659972eef5648bc3c867b4b0262a" > REVISION on krsz.ru
 DEBUG [63037558] Command: cd /home/deploy/telegram_bot/releases/20201004061955 && /usr/bin/env echo "81aa032bdf54659972eef5648bc3c867b4b0262a" > REVISION
  INFO [63037558] Finished in 0.099 seconds with exit status 0 (successful).
  INFO [cae1e07e] Running /usr/bin/env mkdir -p /home/deploy/telegram_bot/releases/20201004061955 on krsz.ru
 DEBUG [cae1e07e] Command: /usr/bin/env mkdir -p /home/deploy/telegram_bot/releases/20201004061955
  INFO [cae1e07e] Finished in 0.059 seconds with exit status 0 (successful).
 DEBUG [50b11e5b] Running [ -L /home/deploy/telegram_bot/releases/20201004061955/.env ] on krsz.ru
 DEBUG [50b11e5b] Command: [ -L /home/deploy/telegram_bot/releases/20201004061955/.env ]
 DEBUG [50b11e5b] Finished in 0.056 seconds with exit status 1 (failed).
 DEBUG [748bf27f] Running [ -f /home/deploy/telegram_bot/releases/20201004061955/.env ] on krsz.ru
 DEBUG [748bf27f] Command: [ -f /home/deploy/telegram_bot/releases/20201004061955/.env ]
 DEBUG [748bf27f] Finished in 0.060 seconds with exit status 1 (failed).
  INFO [4d95f38a] Running /usr/bin/env ln -s /home/deploy/telegram_bot/shared/.env /home/deploy/telegram_bot/releases/20201004061955/.env on krsz.ru
 DEBUG [4d95f38a] Command: /usr/bin/env ln -s /home/deploy/telegram_bot/shared/.env /home/deploy/telegram_bot/releases/20201004061955/.env
  INFO [4d95f38a] Finished in 0.056 seconds with exit status 0 (successful).
  INFO [048036ca] Running /usr/bin/env ln -s /home/deploy/telegram_bot/releases/20201004061955 /home/deploy/telegram_bot/releases/current on krsz.ru
 DEBUG [048036ca] Command: /usr/bin/env ln -s /home/deploy/telegram_bot/releases/20201004061955 /home/deploy/telegram_bot/releases/current
  INFO [048036ca] Finished in 0.060 seconds with exit status 0 (successful).
  INFO [7d7bce25] Running /usr/bin/env mv /home/deploy/telegram_bot/releases/current /home/deploy/telegram_bot on krsz.ru
 DEBUG [7d7bce25] Command: /usr/bin/env mv /home/deploy/telegram_bot/releases/current /home/deploy/telegram_bot
  INFO [7d7bce25] Finished in 0.094 seconds with exit status 0 (successful).
 DEBUG [336a2fab] Running /usr/bin/env ls -x /home/deploy/telegram_bot/releases on krsz.ru
 DEBUG [336a2fab] Command: /usr/bin/env ls -x /home/deploy/telegram_bot/releases
 DEBUG [336a2fab] 	20201004061955
 DEBUG [336a2fab] Finished in 0.065 seconds with exit status 0 (successful).
 DEBUG [357e10ce] Running if test ! -d /home/deploy/telegram_bot/releases; then echo "Directory does not exist '/home/deploy/telegram_bot/releases'" 1>&2; false; fi on krsz.ru
 DEBUG [357e10ce] Command: if test ! -d /home/deploy/telegram_bot/releases; then echo "Directory does not exist '/home/deploy/telegram_bot/releases'" 1>&2; false; fi
 DEBUG [357e10ce] Finished in 0.054 seconds with exit status 0 (successful).
  INFO [51244a4d] Running /usr/bin/env echo "Branch master (at 81aa032bdf54659972eef5648bc3c867b4b0262a) deployed as release 20201004061955 by dpro" >> /home/deploy/telegram_bot/revisions.log on krsz.ru
 DEBUG [51244a4d] Command: cd /home/deploy/telegram_bot/releases && /usr/bin/env echo "Branch master (at 81aa032bdf54659972eef5648bc3c867b4b0262a) deployed as release 20201004061955 by dpro" >> /home/deploy/telegram_bot/revisions.log
  INFO [51244a4d] Finished in 0.064 seconds with exit status 0 (successful).
  INFO ---------------------------------------------------------------------------
  INFO START 2020-10-04 09:20:46 +0300 cap production deploy:bot
  INFO ---------------------------------------------------------------------------
 DEBUG [bc29de24] Running if test ! -d /home/deploy/telegram_bot/current; then echo "Directory does not exist '/home/deploy/telegram_bot/current'" 1>&2; false; fi on krsz.ru
 DEBUG [bc29de24] Command: if test ! -d /home/deploy/telegram_bot/current; then echo "Directory does not exist '/home/deploy/telegram_bot/current'" 1>&2; false; fi
 DEBUG [bc29de24] Finished in 1.154 seconds with exit status 0 (successful).
  INFO [00e302c4] Running /usr/bin/env bundle exec ruby bot.rb on krsz.ru
 DEBUG [00e302c4] Command: cd /home/deploy/telegram_bot/current && ( export RAILS_ENV="production" ; /usr/bin/env bundle exec ruby bot.rb )
 DEBUG [00e302c4] 	/usr/bin/env: 'bundle': No such file or directory
